Turbo Assembler	 Version 4.1	    03/05/26 19:35:58	    Page 1
itoa.asm



      1				     ;==========================Settings======================================
      2				     .286
      3	0000			     .model tiny
      4	0000			     .code
      5				     LOCALS @@
      6				     org 100h
      7				     ;========================================================================
      8
      9				     ;===================================Data=================================
     10	0100			     DATASEG
     11	0000  07D0*(00)		     Buff db 80*25 dup (0)
     12				     ;========================================================================
     13
     14				     ;===================================Code=================================
     15	07D0			     CODESEG
     16	0100			     Start:
     17				     ;===================================Main=================================
     18	0100			     Main	     proc
     19	0100  BA 010A				     mov dx, 266d
     20	0103  BF 0000r				     mov di, offset Buff
     21	0106  E8 002C				     call Itoa
     22
     23	0109  68 B800				     push 0b800h
     24	010C  07				     pop es
     25	010D  33 F6				     xor si, si
     26	010F  BF 0370				     mov di, (80d *5 + 40d) * 2
     27	0112  BE 0000r				     mov si, offset Buff
     28	0115  B9 0004				     mov cx, 4
     29
     30	0118  AC		     @@lp:	     lodsb
     31	0119  B4 4C				     mov ah, 4ch
     32	011B  AB				     stosw
     33	011C  E2 FA				     loop @@lp
     34
     35	011E			     @@inf:
     36	011E  BB 1000				     mov bx, 1000h
     37	0121  BE 0F60				     mov si, 0F60h
     38	0124  BA 1212				     mov dx, 1212h
     39	0127  FD				     std ;df =1
     40	0128  E4 60				     in	al, 60h
     41	012A  3C 12				     cmp al, 12h
     42	012C  74 02				     je	@@exit
     43	012E  EB EE				     jmp @@inf
     44	0130			     @@exit:
     45	0130  B8 4C00				     mov ax, 4c00h
     46	0133  CD 21						     int 21h
     47	0135					     endp
     48				     ;========================================================================
     49
     50				     ;===================================Itoa=================================
     51	0135			     Itoa	     proc
     52	0135  B9 0004				     mov cx, 4d	;4-digits
     53
     54	0138  8A C6		     @@lp:	     mov al, dh	;cpy dh	to al
     55	013A  C0 E8 04				     shr al, 4 ; al -> 4bit
     56
     57	013D  3C 09				     cmp al, 9 ;is
Turbo Assembler	 Version 4.1	    03/05/26 19:35:58	    Page 2
itoa.asm



     58	013F  77 0B				     ja	@@not_digit
     59	0141  04 30				     add al, 48d ;get ascii
     60
     61	0143  AA		     @@write_2_buf:  stosb
     62	0144  C1 E2 04				     shl dx, 4 ; dx <- 4bit
     63	0147  E2 EF				     loop @@lp
     64
     65	0149  EB 05 90				     jmp @@exit
     66
     67	014C  04 37		     @@not_digit:    add al, 55d; get ascii
     68	014E  EB F3				     jmp @@write_2_buf
     69
     70	0150  C3		     @@exit:	     ret
     71	0151					     endp
     72				     ;===================================Itoa=================================
     73				     ;Entry: es	- buf seg
     74				     ;	     di	- write	offset
     75				     ;	     dx	- value
     76				     ;Exit:  es:di - buf_pos
     77				     ;Expected:
     78				     ;Destroyed: ax, di, cx, dx
     79				     ;Comment: convet int to ascii and write res in buf
     80				     ;ToDo:
     81				     ;========================================================================
     82
     83				     ;====================================End=================================
     84				     end	     Start
Turbo Assembler	 Version 4.1	    03/05/26 19:35:58	    Page 3
Symbol Table




Symbol Name			  Type	 Value

??DATE				  Text	 "03/05/26"
??FILENAME			  Text	 "itoa	  "
??TIME				  Text	 "19:35:58"
??VERSION			  Number 040A
@32BIT				  Text	 0
@@EXIT				  Near	 DGROUP:0130
@@EXIT				  Near	 DGROUP:0150
@@INF				  Near	 DGROUP:011E
@@LP				  Near	 DGROUP:0118
@@LP				  Near	 DGROUP:0138
@@NOT_DIGIT			  Near	 DGROUP:014C
@@WRITE_2_BUF			  Near	 DGROUP:0143
@CODE				  Text	 DGROUP
@CODESIZE			  Text	 0
@CPU				  Text	 0707H
@CURSEG				  Text	 _TEXT
@DATA				  Text	 DGROUP
@DATASIZE			  Text	 0
@FILENAME			  Text	 ITOA
@INTERFACE			  Text	 000H
@MODEL				  Text	 1
@STACK				  Text	 DGROUP
@WORDSIZE			  Text	 2
BUFF				  Byte	 DGROUP:0000
ITOA				  Near	 DGROUP:0135
MAIN				  Near	 DGROUP:0100
START				  Near	 DGROUP:0100

Groups & Segments		  Bit Size Align  Combine Class

DGROUP				  Group
  _DATA				  16  07D0 Word	  Public  DATA
  _TEXT				  16  0151 Word	  Public  CODE
